<?xml version="1.0" encoding="UTF-8"?>
<testng-results ignored="0" total="2" passed="2" failed="0" skipped="0">
  <reporter-output>
  </reporter-output>
  <suite started-at="2021-10-24T13:00:22 IST" name="Default suite" finished-at="2021-10-24T13:00:36 IST" duration-ms="13417">
    <groups>
    </groups>
    <test started-at="2021-10-24T13:00:22 IST" name="Default test" finished-at="2021-10-24T13:00:36 IST" duration-ms="13417">
      <class name="myTests.HomePageTest">
        <test-method is-config="true" signature="setUp()[pri:0, instance:myTests.HomePageTest@223aa2f7]" started-at="2021-10-24T13:00:22 IST" name="setUp" finished-at="2021-10-24T13:00:34 IST" duration-ms="12046" status="PASS">
          <reporter-output>
          </reporter-output>
        </test-method> <!-- setUp -->
        <test-method signature="contactFooterTest()[pri:0, instance:myTests.HomePageTest@223aa2f7]" started-at="2021-10-24T13:00:34 IST" name="contactFooterTest" finished-at="2021-10-24T13:00:35 IST" duration-ms="211" status="PASS">
          <reporter-output>
          </reporter-output>
        </test-method> <!-- contactFooterTest -->
        <test-method signature="headerTest()[pri:0, instance:myTests.HomePageTest@223aa2f7]" started-at="2021-10-24T13:00:35 IST" name="headerTest" finished-at="2021-10-24T13:00:35 IST" duration-ms="116" status="PASS">
          <reporter-output>
          </reporter-output>
        </test-method> <!-- headerTest -->
        <test-method is-config="true" signature="tearDown()[pri:0, instance:myTests.HomePageTest@223aa2f7]" started-at="2021-10-24T13:00:35 IST" name="tearDown" finished-at="2021-10-24T13:00:36 IST" duration-ms="966" status="PASS">
          <reporter-output>
          </reporter-output>
        </test-method> <!-- tearDown -->
      </class> <!-- myTests.HomePageTest -->
    </test> <!-- Default test -->
  </suite> <!-- Default suite -->
</testng-results>
